<?xml version="1.0" encoding="UTF-8"?>
<!-- Generated by org.testng.reporters.JUnitXMLReporter -->
<testsuite hostname="qasimsobeh-lt" name="CNN_a_IOS" tests="1" failures="1" timestamp="18 Dec 2017 16:09:35 GMT" time="303.951" errors="0">
  <testcase name="test" time="301.369" classname="automationAssignment.CNNaIOS">
    <failure type="com.experitest.client.InternalException" message="Timeout wait for device">
      <![CDATA[com.experitest.client.InternalException: Timeout wait for device
	at com.experitest.client.JavaClientInternals.waitForDevice(JavaClientInternals.java:395)
	at com.experitest.client.Client.waitForDevice(Client.java:234)
	at automationAssignment.CNNaIOS.testAux(CNNaIOS.java:16)
	at automationAssignment.BaseTest.test(BaseTest.java:119)
	at java.util.concurrent.FutureTask.run(Unknown Source)
	at java.util.concurrent.ThreadPoolExecutor.runWorker(Unknown Source)
	at java.util.concurrent.ThreadPoolExecutor$Worker.run(Unknown Source)
	at java.lang.Thread.run(Unknown Source)
... Removed 16 stack frames]]>
    </failure>
  </testcase> <!-- test -->
</testsuite> <!-- CNN_a_IOS -->
