<?xml version="1.0" encoding="UTF-8"?>
<!-- Generated by org.testng.reporters.JUnitXMLReporter -->
<testsuite hostname="DESKTOP-R975OVJ" name="CSVloginIOS" tests="1" failures="0" timestamp="15 Dec 2017 19:33:56 GMT" time="0.482" errors="0">
  <testcase name="@BeforeMethod setUp" time="0.0" classname="automationAssignment.CSVloginIOS">
    <failure type="java.lang.NullPointerException">
      <![CDATA[java.lang.NullPointerException
	at automationAssignment.BaseTest.setupTests(BaseTest.java:71)
	at automationAssignment.BaseTest.setUp(BaseTest.java:78)
	at java.util.concurrent.FutureTask.run(Unknown Source)
	at java.util.concurrent.ThreadPoolExecutor.runWorker(Unknown Source)
	at java.util.concurrent.ThreadPoolExecutor$Worker.run(Unknown Source)
	at java.lang.Thread.run(Unknown Source)
... Removed 18 stack frames]]>
    </failure>
  </testcase> <!-- @BeforeMethod setUp -->
  <testcase name="@AfterMethod tearDown" time="0.0" classname="automationAssignment.CSVloginIOS">
    <skipped/>
  </testcase> <!-- @AfterMethod tearDown -->
  <testcase name="test" time="0.002" classname="automationAssignment.CSVloginIOS">
    <skipped/>
  </testcase> <!-- test -->
</testsuite> <!-- CSVloginIOS -->
